<?xml version="1.0" encoding="UTF-8"?>
<!-- Generated by org.testng.reporters.JUnitReportReporter -->
<testsuite skipped="0" hostname="Shailesh" name="amazonepackage.AmazoneTest" tests="2" failures="0" timestamp="24 Jan 2019 04:23:19 GMT" time="85.052" errors="0">
  <testcase name="banknameswfcode" time="61.632" classname="amazonepackage.AmazoneTest"/>
  <testcase name="amazoneimge" time="23.420" classname="amazonepackage.AmazoneTest"/>
</testsuite> <!-- amazonepackage.AmazoneTest -->
